#
# There is insufficient memory for the Java Runtime Environment to continue.
# Native memory allocation (mmap) failed to map 65536 bytes. Error detail: Failed to commit metaspace.
# Possible reasons:
#   The system is out of physical RAM or swap space
#   This process is running with CompressedOops enabled, and the Java Heap may be blocking the growth of the native heap
# Possible solutions:
#   Reduce memory load on the system
#   Increase physical memory or swap space
#   Check if swap backing store is full
#   Decrease Java heap size (-Xmx/-Xms)
#   Decrease number of Java threads
#   Decrease Java thread stack sizes (-Xss)
#   Set larger code cache with -XX:ReservedCodeCacheSize=
#   JVM is running with Unscaled Compressed Oops mode in which the Java heap is
#     placed in the first 4GB address space. The Java Heap base address is the
#     maximum limit for the native heap growth. Please use -XX:HeapBaseMinAddress
#     to set the Java Heap base and to place the Java Heap above 4GB virtual address.
# This output file may be truncated or incomplete.
#
#  Out of Memory Error (virtualSpaceNode.cpp:113), pid=9520, tid=1396
#
# JRE version: Java(TM) SE Runtime Environment (23.0+37) (build 23+37-2369)
# Java VM: Java HotSpot(TM) 64-Bit Server VM (23+37-2369, mixed mode, tiered, compressed oops, compressed class ptrs, g1 gc, windows-amd64)
# No core dump will be written. Minidumps are not enabled by default on client versions of Windows
#

---------------  S U M M A R Y ------------

Command Line: --enable-preview -XX:+ShowCodeDetailsInExceptionMessages SK2_SistemCafe

Host: Intel(R) Core(TM) i3-1005G1 CPU @ 1.20GHz, 4 cores, 3G,  Windows 10 , 64 bit Build 19041 (10.0.19041.5198)
Time: Sat Dec 14 14:55:29 2024 SE Asia Standard Time elapsed time: 0.204540 seconds (0d 0h 0m 0s)

---------------  T H R E A D  ---------------

Current thread (0x00000214681f3560):  JavaThread "main"             [_thread_in_vm, id=1396, stack(0x000000bb89a00000,0x000000bb89b00000) (1024K)]

Stack: [0x000000bb89a00000,0x000000bb89b00000]
Native frames: (J=compiled Java code, j=interpreted, Vv=VM code, C=native code)
V  [jvm.dll+0x6e08a9]  (no source info available)
V  [jvm.dll+0x87da63]  (no source info available)
V  [jvm.dll+0x87feee]  (no source info available)
V  [jvm.dll+0x8805c3]  (no source info available)
V  [jvm.dll+0x27aee6]  (no source info available)
V  [jvm.dll+0x87966e]  (no source info available)
V  [jvm.dll+0x682025]  (no source info available)
V  [jvm.dll+0x68208a]  (no source info available)
V  [jvm.dll+0x6848ca]  (no source info available)
V  [jvm.dll+0x2219dc]  (no source info available)
V  [jvm.dll+0x682a3e]  (no source info available)
V  [jvm.dll+0x68ce18]  (no source info available)
V  [jvm.dll+0x211fe1]  (no source info available)
V  [jvm.dll+0x21244a]  (no source info available)
V  [jvm.dll+0x212e71]  (no source info available)
V  [jvm.dll+0x20811e]  (no source info available)
V  [jvm.dll+0x5be6df]  (no source info available)
V  [jvm.dll+0x219b2b]  (no source info available)
V  [jvm.dll+0x7f30c0]  (no source info available)
V  [jvm.dll+0x7f4166]  (no source info available)
V  [jvm.dll+0x7f4774]  (no source info available)
V  [jvm.dll+0x7f43f8]  (no source info available)
V  [jvm.dll+0x2689cb]  (no source info available)
V  [jvm.dll+0x3d1e3e]  (no source info available)
C  0x0000021477e7b6df  (no source info available)

The last pc belongs to new (printed below).
Java frames: (J=compiled Java code, j=interpreted, Vv=VM code)
j  jdk.internal.module.ServicesCatalog.addProviders(Ljava/lang/String;[Ljdk/internal/module/ServicesCatalog$ServiceProvider;)V+18 java.base@23
j  jdk.internal.module.ServicesCatalog.register(Ljava/lang/Module;)V+111 java.base@23
j  java.lang.Module.defineModules(Ljava/lang/module/Configuration;Ljava/util/function/Function;Ljava/lang/ModuleLayer;)Ljava/util/Map;+747 java.base@23
j  java.lang.ModuleLayer.<init>(Ljava/lang/module/Configuration;Ljava/util/List;Ljava/util/function/Function;)V+34 java.base@23
j  java.lang.ModuleLayer.defineModules(Ljava/lang/module/Configuration;Ljava/util/List;Ljava/util/function/Function;)Ljava/lang/ModuleLayer$Controller;+36 java.base@23
j  java.lang.ModuleLayer.defineModules(Ljava/lang/module/Configuration;Ljava/util/function/Function;)Ljava/lang/ModuleLayer;+6 java.base@23
j  jdk.internal.module.ModuleBootstrap.boot2()Ljava/lang/ModuleLayer;+1211 java.base@23
j  jdk.internal.module.ModuleBootstrap.boot()Ljava/lang/ModuleLayer;+64 java.base@23
j  java.lang.System.initPhase2(ZZ)I+0 java.base@23
v  ~StubRoutines::call_stub 0x0000021477e60fcd
Lock stack of current Java thread (top to bottom):

new  187 new  [0x0000021477e7b560, 0x0000021477e7b768]  520 bytes
[MachCode]
  0x0000021477e7b560: 4883 ec08 | c5fa 1104 | 24eb 1f48 | 83ec 10c5 | fb11 0424 | eb14 4883 | ec10 4889 | 0424 48c7 
  0x0000021477e7b580: 4424 0800 | 0000 00eb | 0150 410f | b755 010f | cac1 ea10 | 488b 4de8 | 488b 4908 | 488b 4908 
  0x0000021477e7b5a0: 488b 4108 | 807c 1004 | 070f 85d3 | 0000 0066 | 8b54 d148 | 488b 4928 | 488b 4cd1 | 0851 80b9 
  0x0000021477e7b5c0: 3101 0000 | 040f 840d | 0000 004c | 3bb9 3801 | 0000 0f85 | a900 0000 | 8b51 08f6 | c201 0f85 
  0x0000021477e7b5e0: 9d00 0000 | 498b 87b8 | 0100 0048 | 8d1c 1049 | 3b9f c801 | 0000 0f87 | 8500 0000 | 4989 9fb8 
  0x0000021477e7b600: 0100 0048 | 83ea 100f | 840f 0000 | 0033 c9c1 | ea03 4889 | 4cd0 0848 | ffca 75f6 | 48c7 0001 
  0x0000021477e7b620: 0000 0059 | 33f6 8970 | 0c89 4808 | 49ba 42ad | c4bc fe7f | 0000 4180 | 3a00 0f84 | 3c00 0000 
  0x0000021477e7b640: 5048 8bc8 | 4883 ec20 | 40f6 c40f | 0f84 1900 | 0000 4883 | ec08 48b8 | 40ee 74bc | fe7f 0000 
  0x0000021477e7b660: ffd0 4883 | c408 e90c | 0000 0048 | b840 ee74 | bcfe 7f00 | 00ff d048 | 83c4 2058 | e9cb 0000 
  0x0000021477e7b680: 0059 488b | 55e8 488b | 5208 488b | 5208 450f | b745 0141 | 0fc8 41c1 | e810 e805 | 0000 00e9 
  0x0000021477e7b6a0: a800 0000 | 488d 4424 | 084c 896d | c049 8bcf | c5f8 7749 | 89af b003 | 0000 4989 | 87a0 0300 
  0x0000021477e7b6c0: 0048 83ec | 2040 f6c4 | 0f0f 8419 | 0000 0048 | 83ec 0848 | b8f0 1d3d | bcfe 7f00 | 00ff d048 
  0x0000021477e7b6e0: 83c4 08e9 | 0c00 0000 | 48b8 f01d | 3dbc fe7f | 0000 ffd0 | 4883 c420 | 49c7 87a0 | 0300 0000 
  0x0000021477e7b700: 0000 0049 | c787 b003 | 0000 0000 | 0000 49c7 | 87a8 0300 | 0000 0000 | 00c5 f877 | 4983 7f08 
  0x0000021477e7b720: 000f 8405 | 0000 00e9 | 9457 feff | 498b 87f8 | 0300 0049 | c787 f803 | 0000 0000 | 0000 4c8b 
  0x0000021477e7b740: 6dc0 4c8b | 75c8 4e8d | 74f5 00c3 | 410f b65d | 0349 83c5 | 0349 ba50 | 76c8 bcfe | 7f00 0041 
  0x0000021477e7b760: ff24 da0f | 1f44 0000 
[/MachCode]

---------------  P R O C E S S  ---------------

Threads class SMR info:
_java_thread_list=0x00000214030e6d20, length=9, elements={
0x00000214681f3560, 0x00000214030dcf00, 0x00000214030dfde0, 0x00000214030e22e0,
0x00000214030e2fe0, 0x00000214030e3ce0, 0x00000214030e4830, 0x00000214030ec630,
0x0000021403121500
}

Java Threads: ( => current thread )
=>0x00000214681f3560 JavaThread "main"                              [_thread_in_vm, id=1396, stack(0x000000bb89a00000,0x000000bb89b00000) (1024K)]
  0x00000214030dcf00 JavaThread "Reference Handler"          daemon [_thread_blocked, id=8376, stack(0x000000bb8a200000,0x000000bb8a300000) (1024K)]
  0x00000214030dfde0 JavaThread "Finalizer"                  daemon [_thread_blocked, id=13084, stack(0x000000bb8a300000,0x000000bb8a400000) (1024K)]
  0x00000214030e22e0 JavaThread "Signal Dispatcher"          daemon [_thread_blocked, id=12840, stack(0x000000bb8a400000,0x000000bb8a500000) (1024K)]
  0x00000214030e2fe0 JavaThread "Attach Listener"            daemon [_thread_blocked, id=17292, stack(0x000000bb8a500000,0x000000bb8a600000) (1024K)]
  0x00000214030e3ce0 JavaThread "Service Thread"             daemon [_thread_blocked, id=8728, stack(0x000000bb8a600000,0x000000bb8a700000) (1024K)]
  0x00000214030e4830 JavaThread "Monitor Deflation Thread"   daemon [_thread_blocked, id=1756, stack(0x000000bb8a700000,0x000000bb8a800000) (1024K)]
  0x00000214030ec630 JavaThread "C2 CompilerThread0"         daemon [_thread_blocked, id=17924, stack(0x000000bb8a800000,0x000000bb8a900000) (1024K)]
  0x0000021403121500 JavaThread "C1 CompilerThread0"         daemon [_thread_blocked, id=19180, stack(0x000000bb8a900000,0x000000bb8aa00000) (1024K)]
Total: 9

Other Threads:
  0x000002140307cd40 VMThread "VM Thread"                           [id=17184, stack(0x000000bb8a100000,0x000000bb8a200000) (1024K)]
  0x000002140301d680 WatcherThread "VM Periodic Task Thread"        [id=9296, stack(0x000000bb8a000000,0x000000bb8a100000) (1024K)]
  0x0000021468224ba0 WorkerThread "GC Thread#0"                     [id=13236, stack(0x000000bb89b00000,0x000000bb89c00000) (1024K)]
  0x000002146822fb40 ConcurrentGCThread "G1 Main Marker"            [id=18784, stack(0x000000bb89c00000,0x000000bb89d00000) (1024K)]
  0x0000021468230650 WorkerThread "G1 Conc#0"                       [id=2300, stack(0x000000bb89d00000,0x000000bb89e00000) (1024K)]
  0x0000021468289270 ConcurrentGCThread "G1 Refine#0"               [id=5928, stack(0x000000bb89e00000,0x000000bb89f00000) (1024K)]
  0x000002146828ae00 ConcurrentGCThread "G1 Service"                [id=17528, stack(0x000000bb89f00000,0x000000bb8a000000) (1024K)]
Total: 7

Threads with active compile tasks:
Total: 0

VM state: not at safepoint (normal execution)

VM Mutex/Monitor currently owned by a thread:  ([mutex/lock_event])
[0x00007ffebcc71890] Metaspace_lock - owner thread: 0x00000214681f3560

Heap address: 0x00000000c4000000, size: 960 MB, Compressed Oops mode: 32-bit

CDS archive(s) not mapped
Compressed class space mapped at: 0x0000000025000000-0x0000000065000000, reserved size: 1073741824
Narrow klass base: 0x0000000000000000, Narrow klass shift: 0, Narrow klass range: 0x65000000

GC Precious Log:
 CardTable entry size: 512
 Card Set container configuration: InlinePtr #cards 5 size 8 Array Of Cards #cards 10 size 36 Howl #buckets 4 coarsen threshold 1843 Howl Bitmap #cards 512 size 80 coarsen threshold 460 Card regions per heap region 1 cards per card region 2048
 CPUs: 4 total, 4 available
 Memory: 3836M
 Large Page Support: Disabled
 NUMA Support: Disabled
 Compressed Oops: Enabled (32-bit)
 Heap Region Size: 1M
 Heap Min Capacity: 8M
 Heap Initial Capacity: 60M
 Heap Max Capacity: 960M
 Pre-touch: Disabled
 Parallel Workers: 4
 Concurrent Workers: 1
 Concurrent Refinement Workers: 4
 Periodic GC: Disabled

Heap:
 garbage-first heap   total reserved 983040K, committed 61440K, used 1024K [0x00000000c4000000, 0x0000000100000000)
  region size 1024K, 2 young (2048K), 0 survivors (0K)
 Metaspace       used 3963K, committed 3968K, reserved 1114112K
  class space    used 315K, committed 320K, reserved 1048576K

Heap Regions: E=young(eden), S=young(survivor), O=old, HS=humongous(starts), HC=humongous(continues), CS=collection set, F=free, TAMS=top-at-mark-start, PB=parsable bottom
|   0|0x00000000c4000000, 0x00000000c4000000, 0x00000000c4100000|  0%| F|  |TAMS 0x00000000c4000000| PB 0x00000000c4000000| Untracked |  0
|   1|0x00000000c4100000, 0x00000000c4100000, 0x00000000c4200000|  0%| F|  |TAMS 0x00000000c4100000| PB 0x00000000c4100000| Untracked |  0
|   2|0x00000000c4200000, 0x00000000c4200000, 0x00000000c4300000|  0%| F|  |TAMS 0x00000000c4200000| PB 0x00000000c4200000| Untracked |  0
|   3|0x00000000c4300000, 0x00000000c4300000, 0x00000000c4400000|  0%| F|  |TAMS 0x00000000c4300000| PB 0x00000000c4300000| Untracked |  0
|   4|0x00000000c4400000, 0x00000000c4400000, 0x00000000c4500000|  0%| F|  |TAMS 0x00000000c4400000| PB 0x00000000c4400000| Untracked |  0
|   5|0x00000000c4500000, 0x00000000c4500000, 0x00000000c4600000|  0%| F|  |TAMS 0x00000000c4500000| PB 0x00000000c4500000| Untracked |  0
|   6|0x00000000c4600000, 0x00000000c4600000, 0x00000000c4700000|  0%| F|  |TAMS 0x00000000c4600000| PB 0x00000000c4600000| Untracked |  0
|   7|0x00000000c4700000, 0x00000000c4700000, 0x00000000c4800000|  0%| F|  |TAMS 0x00000000c4700000| PB 0x00000000c4700000| Untracked |  0
|   8|0x00000000c4800000, 0x00000000c4800000, 0x00000000c4900000|  0%| F|  |TAMS 0x00000000c4800000| PB 0x00000000c4800000| Untracked |  0
|   9|0x00000000c4900000, 0x00000000c4900000, 0x00000000c4a00000|  0%| F|  |TAMS 0x00000000c4900000| PB 0x00000000c4900000| Untracked |  0
|  10|0x00000000c4a00000, 0x00000000c4a00000, 0x00000000c4b00000|  0%| F|  |TAMS 0x00000000c4a00000| PB 0x00000000c4a00000| Untracked |  0
|  11|0x00000000c4b00000, 0x00000000c4b00000, 0x00000000c4c00000|  0%| F|  |TAMS 0x00000000c4b00000| PB 0x00000000c4b00000| Untracked |  0
|  12|0x00000000c4c00000, 0x00000000c4c00000, 0x00000000c4d00000|  0%| F|  |TAMS 0x00000000c4c00000| PB 0x00000000c4c00000| Untracked |  0
|  13|0x00000000c4d00000, 0x00000000c4d00000, 0x00000000c4e00000|  0%| F|  |TAMS 0x00000000c4d00000| PB 0x00000000c4d00000| Untracked |  0
|  14|0x00000000c4e00000, 0x00000000c4e00000, 0x00000000c4f00000|  0%| F|  |TAMS 0x00000000c4e00000| PB 0x00000000c4e00000| Untracked |  0
|  15|0x00000000c4f00000, 0x00000000c4f00000, 0x00000000c5000000|  0%| F|  |TAMS 0x00000000c4f00000| PB 0x00000000c4f00000| Untracked |  0
|  16|0x00000000c5000000, 0x00000000c5000000, 0x00000000c5100000|  0%| F|  |TAMS 0x00000000c5000000| PB 0x00000000c5000000| Untracked |  0
|  17|0x00000000c5100000, 0x00000000c5100000, 0x00000000c5200000|  0%| F|  |TAMS 0x00000000c5100000| PB 0x00000000c5100000| Untracked |  0
|  18|0x00000000c5200000, 0x00000000c5200000, 0x00000000c5300000|  0%| F|  |TAMS 0x00000000c5200000| PB 0x00000000c5200000| Untracked |  0
|  19|0x00000000c5300000, 0x00000000c5300000, 0x00000000c5400000|  0%| F|  |TAMS 0x00000000c5300000| PB 0x00000000c5300000| Untracked |  0
|  20|0x00000000c5400000, 0x00000000c5400000, 0x00000000c5500000|  0%| F|  |TAMS 0x00000000c5400000| PB 0x00000000c5400000| Untracked |  0
|  21|0x00000000c5500000, 0x00000000c5500000, 0x00000000c5600000|  0%| F|  |TAMS 0x00000000c5500000| PB 0x00000000c5500000| Untracked |  0
|  22|0x00000000c5600000, 0x00000000c5600000, 0x00000000c5700000|  0%| F|  |TAMS 0x00000000c5600000| PB 0x00000000c5600000| Untracked |  0
|  23|0x00000000c5700000, 0x00000000c5700000, 0x00000000c5800000|  0%| F|  |TAMS 0x00000000c5700000| PB 0x00000000c5700000| Untracked |  0
|  24|0x00000000c5800000, 0x00000000c5800000, 0x00000000c5900000|  0%| F|  |TAMS 0x00000000c5800000| PB 0x00000000c5800000| Untracked |  0
|  25|0x00000000c5900000, 0x00000000c5900000, 0x00000000c5a00000|  0%| F|  |TAMS 0x00000000c5900000| PB 0x00000000c5900000| Untracked |  0
|  26|0x00000000c5a00000, 0x00000000c5a00000, 0x00000000c5b00000|  0%| F|  |TAMS 0x00000000c5a00000| PB 0x00000000c5a00000| Untracked |  0
|  27|0x00000000c5b00000, 0x00000000c5b00000, 0x00000000c5c00000|  0%| F|  |TAMS 0x00000000c5b00000| PB 0x00000000c5b00000| Untracked |  0
|  28|0x00000000c5c00000, 0x00000000c5c00000, 0x00000000c5d00000|  0%| F|  |TAMS 0x00000000c5c00000| PB 0x00000000c5c00000| Untracked |  0
|  29|0x00000000c5d00000, 0x00000000c5d00000, 0x00000000c5e00000|  0%| F|  |TAMS 0x00000000c5d00000| PB 0x00000000c5d00000| Untracked |  0
|  30|0x00000000c5e00000, 0x00000000c5e00000, 0x00000000c5f00000|  0%| F|  |TAMS 0x00000000c5e00000| PB 0x00000000c5e00000| Untracked |  0
|  31|0x00000000c5f00000, 0x00000000c5f00000, 0x00000000c6000000|  0%| F|  |TAMS 0x00000000c5f00000| PB 0x00000000c5f00000| Untracked |  0
|  32|0x00000000c6000000, 0x00000000c6000000, 0x00000000c6100000|  0%| F|  |TAMS 0x00000000c6000000| PB 0x00000000c6000000| Untracked |  0
|  33|0x00000000c6100000, 0x00000000c6100000, 0x00000000c6200000|  0%| F|  |TAMS 0x00000000c6100000| PB 0x00000000c6100000| Untracked |  0
|  34|0x00000000c6200000, 0x00000000c6200000, 0x00000000c6300000|  0%| F|  |TAMS 0x00000000c6200000| PB 0x00000000c6200000| Untracked |  0
|  35|0x00000000c6300000, 0x00000000c6300000, 0x00000000c6400000|  0%| F|  |TAMS 0x00000000c6300000| PB 0x00000000c6300000| Untracked |  0
|  36|0x00000000c6400000, 0x00000000c6400000, 0x00000000c6500000|  0%| F|  |TAMS 0x00000000c6400000| PB 0x00000000c6400000| Untracked |  0
|  37|0x00000000c6500000, 0x00000000c6500000, 0x00000000c6600000|  0%| F|  |TAMS 0x00000000c6500000| PB 0x00000000c6500000| Untracked |  0
|  38|0x00000000c6600000, 0x00000000c6600000, 0x00000000c6700000|  0%| F|  |TAMS 0x00000000c6600000| PB 0x00000000c6600000| Untracked |  0
|  39|0x00000000c6700000, 0x00000000c6700000, 0x00000000c6800000|  0%| F|  |TAMS 0x00000000c6700000| PB 0x00000000c6700000| Untracked |  0
|  40|0x00000000c6800000, 0x00000000c6800000, 0x00000000c6900000|  0%| F|  |TAMS 0x00000000c6800000| PB 0x00000000c6800000| Untracked |  0
|  41|0x00000000c6900000, 0x00000000c6900000, 0x00000000c6a00000|  0%| F|  |TAMS 0x00000000c6900000| PB 0x00000000c6900000| Untracked |  0
|  42|0x00000000c6a00000, 0x00000000c6a00000, 0x00000000c6b00000|  0%| F|  |TAMS 0x00000000c6a00000| PB 0x00000000c6a00000| Untracked |  0
|  43|0x00000000c6b00000, 0x00000000c6b00000, 0x00000000c6c00000|  0%| F|  |TAMS 0x00000000c6b00000| PB 0x00000000c6b00000| Untracked |  0
|  44|0x00000000c6c00000, 0x00000000c6c00000, 0x00000000c6d00000|  0%| F|  |TAMS 0x00000000c6c00000| PB 0x00000000c6c00000| Untracked |  0
|  45|0x00000000c6d00000, 0x00000000c6d00000, 0x00000000c6e00000|  0%| F|  |TAMS 0x00000000c6d00000| PB 0x00000000c6d00000| Untracked |  0
|  46|0x00000000c6e00000, 0x00000000c6e00000, 0x00000000c6f00000|  0%| F|  |TAMS 0x00000000c6e00000| PB 0x00000000c6e00000| Untracked |  0
|  47|0x00000000c6f00000, 0x00000000c6f00000, 0x00000000c7000000|  0%| F|  |TAMS 0x00000000c6f00000| PB 0x00000000c6f00000| Untracked |  0
|  48|0x00000000c7000000, 0x00000000c7000000, 0x00000000c7100000|  0%| F|  |TAMS 0x00000000c7000000| PB 0x00000000c7000000| Untracked |  0
|  49|0x00000000c7100000, 0x00000000c7100000, 0x00000000c7200000|  0%| F|  |TAMS 0x00000000c7100000| PB 0x00000000c7100000| Untracked |  0
|  50|0x00000000c7200000, 0x00000000c7200000, 0x00000000c7300000|  0%| F|  |TAMS 0x00000000c7200000| PB 0x00000000c7200000| Untracked |  0
|  51|0x00000000c7300000, 0x00000000c7300000, 0x00000000c7400000|  0%| F|  |TAMS 0x00000000c7300000| PB 0x00000000c7300000| Untracked |  0
|  52|0x00000000c7400000, 0x00000000c7400000, 0x00000000c7500000|  0%| F|  |TAMS 0x00000000c7400000| PB 0x00000000c7400000| Untracked |  0
|  53|0x00000000c7500000, 0x00000000c7500000, 0x00000000c7600000|  0%| F|  |TAMS 0x00000000c7500000| PB 0x00000000c7500000| Untracked |  0
|  54|0x00000000c7600000, 0x00000000c7600000, 0x00000000c7700000|  0%| F|  |TAMS 0x00000000c7600000| PB 0x00000000c7600000| Untracked |  0
|  55|0x00000000c7700000, 0x00000000c7700000, 0x00000000c7800000|  0%| F|  |TAMS 0x00000000c7700000| PB 0x00000000c7700000| Untracked |  0
|  56|0x00000000c7800000, 0x00000000c7800000, 0x00000000c7900000|  0%| F|  |TAMS 0x00000000c7800000| PB 0x00000000c7800000| Untracked |  0
|  57|0x00000000c7900000, 0x00000000c7900000, 0x00000000c7a00000|  0%| F|  |TAMS 0x00000000c7900000| PB 0x00000000c7900000| Untracked |  0
|  58|0x00000000c7a00000, 0x00000000c7a47b00, 0x00000000c7b00000| 28%| E|  |TAMS 0x00000000c7a00000| PB 0x00000000c7a00000| Complete |  0
|  59|0x00000000c7b00000, 0x00000000c7c00000, 0x00000000c7c00000|100%| E|CS|TAMS 0x00000000c7b00000| PB 0x00000000c7b00000| Complete |  0

Card table byte_map: [0x000002147f930000,0x000002147fb10000] _byte_map_base: 0x000002147f310000

Marking Bits: (CMBitMap*) 0x00000214682252b0
 Bits: [0x0000021400000000, 0x0000021400f00000)

Polling page: 0x0000021465f00000

Metaspace:

Usage:
  Non-class:      3.56 MB used.
      Class:    315.16 KB used.
       Both:      3.87 MB used.

Virtual space:
  Non-class space:       64.00 MB reserved,       3.56 MB (  6%) committed,  1 nodes.
      Class space:        1.00 GB reserved,     320.00 KB ( <1%) committed,  1 nodes.
             Both:        1.06 GB reserved,       3.88 MB ( <1%) committed. 

Chunk freelists:
   Non-Class:  12.00 MB
       Class:  15.62 MB
        Both:  27.62 MB

MaxMetaspaceSize: unlimited
CompressedClassSpaceSize: 1.00 GB
Initial GC threshold: 21.00 MB
Current GC threshold: 21.00 MB
CDS: off
 - commit_granule_bytes: 65536.
 - commit_granule_words: 8192.
 - virtual_space_node_default_size: 8388608.
 - enlarge_chunks_in_place: 1.
 - use_allocation_guard: 0.


Internal statistics:

num_allocs_failed_limit: 0.
num_arena_births: 2.
num_arena_deaths: 0.
num_vsnodes_births: 2.
num_vsnodes_deaths: 0.
num_space_committed: 62.
num_space_uncommitted: 0.
num_chunks_returned_to_freelist: 0.
num_chunks_taken_from_freelist: 4.
num_chunk_merges: 0.
num_chunk_splits: 2.
num_chunks_enlarged: 0.
num_inconsistent_stats: 0.

CodeHeap 'non-profiled nmethods': size=120064Kb used=17Kb max_used=17Kb free=120046Kb
 bounds [0x00000214783f0000, 0x0000021478660000, 0x000002147f930000]
CodeHeap 'profiled nmethods': size=120000Kb used=66Kb max_used=66Kb free=119933Kb
 bounds [0x0000021470930000, 0x0000021470ba0000, 0x0000021477e60000]
CodeHeap 'non-nmethods': size=5696Kb used=1226Kb max_used=1228Kb free=4469Kb
 bounds [0x0000021477e60000, 0x00000214780d0000, 0x00000214783f0000]
CodeCache: size=245760Kb, used=1309Kb, max_used=1311Kb, free=244448Kb
 total_blobs=370, nmethods=70, adapters=206, full_count=0
Compilation: enabled, stopped_count=0, restarted_count=0

Compilation events (20 events):
Event: 0.198 Thread 0x0000021403121500   61       3       java.util.HashMap::getNode (150 bytes)
Event: 0.199 Thread 0x0000021403121500 nmethod 61 0x000002147093ed88 code [0x000002147093ef40, 0x000002147093f990]
Event: 0.199 Thread 0x0000021403121500   60       1       java.lang.module.ModuleDescriptor$Exports::source (5 bytes)
Event: 0.199 Thread 0x0000021403121500 nmethod 60 0x00000214783f3408 code [0x00000214783f3520, 0x00000214783f35e8]
Event: 0.199 Thread 0x0000021403121500   62       3       java.util.HashMap::get (19 bytes)
Event: 0.199 Thread 0x0000021403121500 nmethod 62 0x000002147093fa08 code [0x000002147093fb40, 0x000002147093fcf0]
Event: 0.199 Thread 0x0000021403121500   63       1       java.lang.module.ModuleDescriptor::isAutomatic (5 bytes)
Event: 0.199 Thread 0x0000021403121500 nmethod 63 0x00000214783f3a88 code [0x00000214783f3ba0, 0x00000214783f3c70]
Event: 0.199 Thread 0x0000021403121500   55       1       java.lang.module.ResolvedModule::reference (5 bytes)
Event: 0.199 Thread 0x0000021403121500 nmethod 55 0x00000214783f3d88 code [0x00000214783f3ea0, 0x00000214783f3f68]
Event: 0.199 Thread 0x0000021403121500   64       3       java.util.ImmutableCollections$MapN::get (35 bytes)
Event: 0.199 Thread 0x0000021403121500 nmethod 64 0x000002147093fd08 code [0x000002147093fe60, 0x00000214709401e0]
Event: 0.199 Thread 0x0000021403121500   66       3       java.util.HashSet::add (20 bytes)
Event: 0.199 Thread 0x0000021403121500 nmethod 66 0x0000021470940208 code [0x0000021470940340, 0x00000214709404f8]
Event: 0.199 Thread 0x0000021403121500   69       3       java.lang.module.ResolvedModule::name (11 bytes)
Event: 0.200 Thread 0x0000021403121500 nmethod 69 0x0000021470940588 code [0x00000214709406a0, 0x0000021470940800]
Event: 0.200 Thread 0x0000021403121500   67       1       java.lang.module.ResolvedModule::configuration (5 bytes)
Event: 0.200 Thread 0x0000021403121500 nmethod 67 0x00000214783f4088 code [0x00000214783f41a0, 0x00000214783f4268]
Event: 0.200 Thread 0x0000021403121500   70       1       java.lang.module.ModuleDescriptor$Exports::targets (5 bytes)
Event: 0.200 Thread 0x0000021403121500 nmethod 70 0x00000214783f4388 code [0x00000214783f44a0, 0x00000214783f4568]

GC Heap History (0 events):
No events

Dll operation events (2 events):
Event: 0.022 Loaded shared library C:\Program Files\Java\jdk-23\bin\java.dll
Event: 0.162 Loaded shared library C:\Program Files\Java\jdk-23\bin\jsvml.dll

Deoptimization events (0 events):
No events

Classes loaded (20 events):
Event: 0.190 Loading class java/lang/module/Configuration done
Event: 0.190 Loading class java/lang/module/ResolvedModule
Event: 0.191 Loading class java/lang/module/ResolvedModule done
Event: 0.191 Loading class java/util/AbstractMap$1
Event: 0.191 Loading class java/util/AbstractMap$1 done
Event: 0.191 Loading class java/util/AbstractMap$KeyIterator
Event: 0.191 Loading class java/util/AbstractMap$KeyIterator done
Event: 0.192 Loading class jdk/internal/module/ModuleLoaderMap$Mapper
Event: 0.192 Loading class jdk/internal/module/ModuleLoaderMap$Mapper done
Event: 0.193 Loading class java/lang/ModuleLayer
Event: 0.193 Loading class java/lang/ModuleLayer done
Event: 0.193 Loading class java/util/ImmutableCollections$ListItr
Event: 0.194 Loading class java/util/ListIterator
Event: 0.194 Loading class java/util/ListIterator done
Event: 0.194 Loading class java/util/ImmutableCollections$ListItr done
Event: 0.200 Loading class jdk/internal/loader/AbstractClassLoaderValue$Memoizer
Event: 0.200 Loading class jdk/internal/loader/AbstractClassLoaderValue$Memoizer done
Event: 0.200 Loading class jdk/internal/module/ServicesCatalog$ServiceProvider
Event: 0.200 Loading class jdk/internal/module/ServicesCatalog$ServiceProvider done
Event: 0.200 Loading class java/util/concurrent/CopyOnWriteArrayList

Classes unloaded (0 events):
No events

Classes redefined (0 events):
No events

Internal exceptions (0 events):
No events

VM Operations (0 events):
No events

Memory protections (0 events):
No events

Nmethod flushes (0 events):
No events

Events (9 events):
Event: 0.036 Thread 0x00000214681f3560 Thread added: 0x00000214681f3560
Event: 0.153 Thread 0x00000214681f3560 Thread added: 0x00000214030dcf00
Event: 0.154 Thread 0x00000214681f3560 Thread added: 0x00000214030dfde0
Event: 0.155 Thread 0x00000214681f3560 Thread added: 0x00000214030e22e0
Event: 0.155 Thread 0x00000214681f3560 Thread added: 0x00000214030e2fe0
Event: 0.155 Thread 0x00000214681f3560 Thread added: 0x00000214030e3ce0
Event: 0.156 Thread 0x00000214681f3560 Thread added: 0x00000214030e4830
Event: 0.156 Thread 0x00000214681f3560 Thread added: 0x00000214030ec630
Event: 0.156 Thread 0x00000214681f3560 Thread added: 0x0000021403121500


Dynamic libraries:
0x00007ff77a080000 - 0x00007ff77a090000 	C:\Program Files\Java\jdk-23\bin\java.exe
0x00007fff66070000 - 0x00007fff66268000 	C:\Windows\SYSTEM32\ntdll.dll
0x00007fff65400000 - 0x00007fff654c2000 	C:\Windows\System32\KERNEL32.DLL
0x00007fff63990000 - 0x00007fff63c8e000 	C:\Windows\System32\KERNELBASE.dll
0x00007fff637e0000 - 0x00007fff638e0000 	C:\Windows\System32\ucrtbase.dll
0x00007fff5d030000 - 0x00007fff5d04b000 	C:\Program Files\Java\jdk-23\bin\VCRUNTIME140.dll
0x00007fff4cbf0000 - 0x00007fff4cc07000 	C:\Program Files\Java\jdk-23\bin\jli.dll
0x00007fff64130000 - 0x00007fff642cd000 	C:\Windows\System32\USER32.dll
0x00007fff637b0000 - 0x00007fff637d2000 	C:\Windows\System32\win32u.dll
0x00007fff64670000 - 0x00007fff6469b000 	C:\Windows\System32\GDI32.dll
0x00007fff63cc0000 - 0x00007fff63dd7000 	C:\Windows\System32\gdi32full.dll
0x00007fff63710000 - 0x00007fff637ad000 	C:\Windows\System32\msvcp_win.dll
0x00007fff52910000 - 0x00007fff52baa000 	C:\Windows\WinSxS\amd64_microsoft.windows.common-controls_6595b64144ccf1df_6.0.19041.4355_none_60b8b9eb71f62e16\COMCTL32.dll
0x00007fff64090000 - 0x00007fff6412e000 	C:\Windows\System32\msvcrt.dll
0x00007fff65600000 - 0x00007fff6562f000 	C:\Windows\System32\IMM32.DLL
0x00007fff5d080000 - 0x00007fff5d08c000 	C:\Program Files\Java\jdk-23\bin\vcruntime140_1.dll
0x00007fff40bc0000 - 0x00007fff40c4e000 	C:\Program Files\Java\jdk-23\bin\msvcp140.dll
0x00007ffebc000000 - 0x00007ffebcd4f000 	C:\Program Files\Java\jdk-23\bin\server\jvm.dll
0x00007fff65290000 - 0x00007fff65341000 	C:\Windows\System32\ADVAPI32.dll
0x00007fff65770000 - 0x00007fff6580f000 	C:\Windows\System32\sechost.dll
0x00007fff654d0000 - 0x00007fff655f3000 	C:\Windows\System32\RPCRT4.dll
0x00007fff63c90000 - 0x00007fff63cb7000 	C:\Windows\System32\bcrypt.dll
0x00007fff64380000 - 0x00007fff643eb000 	C:\Windows\System32\WS2_32.dll
0x00007fff63570000 - 0x00007fff635bb000 	C:\Windows\SYSTEM32\POWRPROF.dll
0x00007fff4a1d0000 - 0x00007fff4a1f7000 	C:\Windows\SYSTEM32\WINMM.dll
0x00007fff5dcf0000 - 0x00007fff5dcfa000 	C:\Windows\SYSTEM32\VERSION.dll
0x00007fff63550000 - 0x00007fff63562000 	C:\Windows\SYSTEM32\UMPDC.dll
0x00007fff61f30000 - 0x00007fff61f42000 	C:\Windows\SYSTEM32\kernel.appcore.dll
0x00007fff5a710000 - 0x00007fff5a71a000 	C:\Program Files\Java\jdk-23\bin\jimage.dll
0x00007fff61c30000 - 0x00007fff61e14000 	C:\Windows\SYSTEM32\DBGHELP.DLL
0x00007fff5cba0000 - 0x00007fff5cbd4000 	C:\Windows\SYSTEM32\dbgcore.DLL
0x00007fff63fb0000 - 0x00007fff64032000 	C:\Windows\System32\bcryptPrimitives.dll
0x00007fff4cc80000 - 0x00007fff4cc9e000 	C:\Program Files\Java\jdk-23\bin\java.dll
0x00007fff65640000 - 0x00007fff6576b000 	C:\Windows\System32\ole32.dll
0x00007fff646a0000 - 0x00007fff649f3000 	C:\Windows\System32\combase.dll
0x00007fff64b10000 - 0x00007fff6527d000 	C:\Windows\System32\SHELL32.dll
0x00007fff61480000 - 0x00007fff61c24000 	C:\Windows\SYSTEM32\windows.storage.dll
0x00007fff630d0000 - 0x00007fff630fe000 	C:\Windows\SYSTEM32\Wldp.dll
0x00007fff64460000 - 0x00007fff6452d000 	C:\Windows\System32\OLEAUT32.dll
0x00007fff642d0000 - 0x00007fff6437d000 	C:\Windows\System32\SHCORE.dll
0x00007fff643f0000 - 0x00007fff64445000 	C:\Windows\System32\shlwapi.dll
0x00007fff63640000 - 0x00007fff63664000 	C:\Windows\SYSTEM32\profapi.dll
0x00007fff32510000 - 0x00007fff325e7000 	C:\Program Files\Java\jdk-23\bin\jsvml.dll

dbghelp: loaded successfully - version: 4.0.5 - missing functions: none
symbol engine: initialized successfully - sym options: 0x614 - pdb path: .;C:\Program Files\Java\jdk-23\bin;C:\Windows\SYSTEM32;C:\Windows\WinSxS\amd64_microsoft.windows.common-controls_6595b64144ccf1df_6.0.19041.4355_none_60b8b9eb71f62e16;C:\Program Files\Java\jdk-23\bin\server

VM Arguments:
jvm_args: --enable-preview -XX:+ShowCodeDetailsInExceptionMessages 
java_command: SK2_SistemCafe
java_class_path (initial): C:\Users\syahr\AppData\Roaming\Code\User\workspaceStorage\5417224d90a5d3ff87a4888247190160\redhat.java\jdt_ws\TugasAkhir_Praktikum_c4251a7\bin
Launcher Type: SUN_STANDARD

[Global flags]
     intx CICompilerCount                          = 3                                         {product} {ergonomic}
     uint ConcGCThreads                            = 1                                         {product} {ergonomic}
     uint G1ConcRefinementThreads                  = 4                                         {product} {ergonomic}
   size_t G1HeapRegionSize                         = 1048576                                   {product} {ergonomic}
   size_t InitialHeapSize                          = 62914560                                  {product} {ergonomic}
   size_t MarkStackSize                            = 4194304                                   {product} {ergonomic}
   size_t MarkStackSizeMax                         = 536870912                                 {product} {ergonomic}
   size_t MaxHeapSize                              = 1006632960                                {product} {ergonomic}
   size_t MaxNewSize                               = 603979776                                 {product} {ergonomic}
   size_t MinHeapDeltaBytes                        = 1048576                                   {product} {ergonomic}
   size_t MinHeapSize                              = 8388608                                   {product} {ergonomic}
    uintx NonNMethodCodeHeapSize                   = 5832704                                {pd product} {ergonomic}
    uintx NonProfiledCodeHeapSize                  = 122945536                              {pd product} {ergonomic}
    uintx ProfiledCodeHeapSize                     = 122880000                              {pd product} {ergonomic}
    uintx ReservedCodeCacheSize                    = 251658240                              {pd product} {ergonomic}
     bool SegmentedCodeCache                       = true                                      {product} {ergonomic}
     bool ShowCodeDetailsInExceptionMessages       = true                                   {manageable} {command line}
   size_t SoftMaxHeapSize                          = 1006632960                             {manageable} {ergonomic}
     bool UseCompressedOops                        = true                           {product lp64_product} {ergonomic}
     bool UseG1GC                                  = true                                      {product} {ergonomic}
     bool UseLargePagesIndividualAllocation        = false                                  {pd product} {ergonomic}

Logging:
Log output configuration:
 #0: stdout all=warning uptime,level,tags foldmultilines=false
 #1: stderr all=off uptime,level,tags foldmultilines=false

Environment Variables:
PATH=C:\Program Files\Common Files\Oracle\Java\javapath;C:\Windows\system32;C:\Windows;C:\Windows\System32\Wbem;C:\Windows\System32\WindowsPowerShell\v1.0\;C:\Windows\System32\OpenSSH\;C:\Program Files\Git\cmd;C:\Users\syahr\AppData\Local\Programs\Python\Python313\Scripts\;C:\Users\syahr\AppData\Local\Programs\Python\Python313\;C:\Users\syahr\AppData\Local\Programs\Python\Launcher\;C:\Users\syahr\AppData\Local\Microsoft\WindowsApps;C:\Users\syahr\AppData\Local\Programs\Microsoft VS Code\bin
USERNAME=syahr
LANG=en_US.UTF-8
OS=Windows_NT
PROCESSOR_IDENTIFIER=Intel64 Family 6 Model 126 Stepping 5, GenuineIntel
TMP=C:\Users\syahr\AppData\Local\Temp
TEMP=C:\Users\syahr\AppData\Local\Temp




Periodic native trim disabled

---------------  S Y S T E M  ---------------

OS:
 Windows 10 , 64 bit Build 19041 (10.0.19041.5198)
OS uptime: 1 days 17:41 hours

CPU: total 4 (initial active 4) (2 cores per cpu, 2 threads per core) family 6 model 126 stepping 5 microcode 0xa0, cx8, cmov, fxsr, ht, mmx, 3dnowpref, sse, sse2, sse3, ssse3, sse4.1, sse4.2, popcnt, lzcnt, tsc, tscinvbit, avx, avx2, aes, erms, clmul, bmi1, bmi2, adx, avx512f, avx512dq, avx512cd, avx512bw, avx512vl, sha, fma, vzeroupper, avx512_vpopcntdq, avx512_vpclmulqdq, avx512_vaes, avx512_vnni, clflush, clflushopt, avx512_vbmi2, avx512_vbmi, rdtscp, rdpid, fsrm, gfni, avx512_bitalg, f16c, pku, avx512_ifma
Processor Information for the first 4 processors :
  Max Mhz: 1190, Current Mhz: 1190, Mhz Limit: 1190

Memory: 4k page, system-wide physical 3836M (124M free)
TotalPageFile size 15612M (AvailPageFile size 0M)
current process WorkingSet (physical memory assigned to process): 26M, peak: 26M
current process commit charge ("private bytes"): 121M, peak: 121M

vm_info: Java HotSpot(TM) 64-Bit Server VM (23+37-2369) for windows-amd64 JRE (23+37-2369), built on 2024-08-20T16:01:23Z with MS VC++ 17.6 (VS2022)

END.
